[2012-03-27 23:54:57] request.ERROR: Symfony\Component\HttpKernel\Exception\NotFoundHttpException: No route found for "GET /" (uncaught exception) at /Users/blake/Sites/dpd-rdbms/vendor/symfony/src/Symfony/Bundle/FrameworkBundle/EventListener/RouterListener.php line 83 [] []
[2012-03-27 23:55:34] request.ERROR: Symfony\Component\HttpKernel\Exception\NotFoundHttpException: No route found for "GET /" (uncaught exception) at /Users/blake/Sites/dpd-rdbms/vendor/symfony/src/Symfony/Bundle/FrameworkBundle/EventListener/RouterListener.php line 83 [] []
[2012-03-27 23:55:38] request.ERROR: Symfony\Component\HttpKernel\Exception\NotFoundHttpException: No route found for "GET /index" (uncaught exception) at /Users/blake/Sites/dpd-rdbms/app/cache/prod/classes.php line 4564 [] []
[2012-03-27 23:55:41] request.ERROR: Symfony\Component\HttpKernel\Exception\NotFoundHttpException: No route found for "GET /" (uncaught exception) at /Users/blake/Sites/dpd-rdbms/app/cache/prod/classes.php line 4564 [] []
[2012-03-27 23:56:15] request.ERROR: Symfony\Component\HttpKernel\Exception\NotFoundHttpException: No route found for "GET /" (uncaught exception) at /Users/blake/Sites/dpd-rdbms/app/cache/prod/classes.php line 4564 [] []
[2012-03-27 23:57:19] request.ERROR: Symfony\Component\HttpKernel\Exception\NotFoundHttpException: No route found for "GET /" (uncaught exception) at /Users/blake/Sites/dpd-rdbms/app/cache/prod/classes.php line 4564 [] []
[2012-03-27 23:57:19] request.ERROR: Symfony\Component\HttpKernel\Exception\NotFoundHttpException: No route found for "GET /" (uncaught exception) at /Users/blake/Sites/dpd-rdbms/app/cache/prod/classes.php line 4564 [] []
[2012-03-27 23:57:20] request.ERROR: Symfony\Component\HttpKernel\Exception\NotFoundHttpException: No route found for "GET /" (uncaught exception) at /Users/blake/Sites/dpd-rdbms/app/cache/prod/classes.php line 4564 [] []
[2012-03-27 23:57:35] request.ERROR: Symfony\Component\HttpKernel\Exception\NotFoundHttpException: No route found for "GET /web/" (uncaught exception) at /Users/blake/Sites/dpd-rdbms/app/cache/prod/classes.php line 4564 [] []
[2012-03-27 23:57:40] request.ERROR: Symfony\Component\HttpKernel\Exception\NotFoundHttpException: No route found for "GET /web/app_dev.php" (uncaught exception) at /Users/blake/Sites/dpd-rdbms/app/cache/prod/classes.php line 4564 [] []
[2012-03-27 23:57:43] request.ERROR: Symfony\Component\HttpKernel\Exception\NotFoundHttpException: No route found for "GET /web/config.php" (uncaught exception) at /Users/blake/Sites/dpd-rdbms/app/cache/prod/classes.php line 4564 [] []
[2012-03-30 18:39:44] request.ERROR: Symfony\Component\HttpKernel\Exception\NotFoundHttpException: No route found for "HEAD /" (uncaught exception) at /Users/blake/Sites/dpd-rdbms/app/cache/prod/classes.php line 4564 [] []
[2012-03-30 18:39:44] request.ERROR: Symfony\Component\HttpKernel\Exception\NotFoundHttpException: No route found for "HEAD /" (uncaught exception) at /Users/blake/Sites/dpd-rdbms/app/cache/prod/classes.php line 4564 [] []
[2012-03-30 18:39:44] request.ERROR: Symfony\Component\HttpKernel\Exception\NotFoundHttpException: No route found for "HEAD /" (uncaught exception) at /Users/blake/Sites/dpd-rdbms/app/cache/prod/classes.php line 4564 [] []
[2012-03-30 18:48:38] request.ERROR: Symfony\Component\HttpKernel\Exception\NotFoundHttpException: No route found for "HEAD /" (uncaught exception) at /Users/blake/Sites/dpd-rdbms/app/cache/prod/classes.php line 4564 [] []
[2012-03-30 19:17:34] request.ERROR: Symfony\Component\HttpKernel\Exception\NotFoundHttpException: No route found for "HEAD /" (uncaught exception) at /Users/blake/Sites/dpd-rdbms/app/cache/prod/classes.php line 4564 [] []
[2012-03-30 19:23:03] request.ERROR: Symfony\Component\HttpKernel\Exception\NotFoundHttpException: No route found for "GET /index.php" (uncaught exception) at /Users/blake/Sites/dpd-rdbms/app/cache/prod/classes.php line 4564 [] []
[2012-03-30 19:23:06] request.ERROR: Symfony\Component\HttpKernel\Exception\NotFoundHttpException: No route found for "GET /" (uncaught exception) at /Users/blake/Sites/dpd-rdbms/app/cache/prod/classes.php line 4564 [] []
[2012-03-30 19:23:18] request.ERROR: Symfony\Component\HttpKernel\Exception\NotFoundHttpException: No route found for "GET /" (uncaught exception) at /Users/blake/Sites/dpd-rdbms/app/cache/prod/classes.php line 4564 [] []
[2012-03-30 19:29:40] request.ERROR: Symfony\Component\HttpKernel\Exception\NotFoundHttpException: No route found for "HEAD /" (uncaught exception) at /Users/blake/Sites/dpd-rdbms/app/cache/prod/classes.php line 4564 [] []
[2012-03-30 20:09:35] request.ERROR: Symfony\Component\HttpKernel\Exception\NotFoundHttpException: No route found for "HEAD /" (uncaught exception) at /Users/blake/Sites/dpd-rdbms/app/cache/prod/classes.php line 4564 [] []
[2012-03-31 11:25:54] request.ERROR: Symfony\Component\HttpKernel\Exception\NotFoundHttpException: No route found for "GET /" (uncaught exception) at /Users/blake/Sites/dpd-rdbms/app/cache/prod/classes.php line 4564 [] []
[2012-03-31 12:46:20] request.ERROR: Symfony\Component\HttpKernel\Exception\NotFoundHttpException: No route found for "GET /" (uncaught exception) at /Users/blake/Sites/dpd-rdbms/app/cache/prod/classes.php line 4564 [] []
[2012-03-31 13:46:58] request.ERROR: Symfony\Component\HttpKernel\Exception\NotFoundHttpException: No route found for "GET /" (uncaught exception) at /Users/blake/Sites/dpd-rdbms/app/cache/prod/classes.php line 4564 [] []
[2012-03-31 15:04:05] request.ERROR: Symfony\Component\HttpKernel\Exception\NotFoundHttpException: No route found for "GET /doctor" (uncaught exception) at /Users/blake/Sites/dpd-rdbms/app/cache/prod/classes.php line 4564 [] []
[2012-03-31 15:04:06] request.ERROR: Symfony\Component\HttpKernel\Exception\NotFoundHttpException: No route found for "GET /doctors" (uncaught exception) at /Users/blake/Sites/dpd-rdbms/app/cache/prod/classes.php line 4564 [] []
[2012-03-31 21:26:12] request.ERROR: Symfony\Component\HttpKernel\Exception\NotFoundHttpException: No route found for "GET /bundles/brdrgzdoctorpatientdiagnosis/images/field-background.gif" (uncaught exception) at /Users/blake/Sites/dpd-rdbms/vendor/symfony/src/Symfony/Bundle/FrameworkBundle/EventListener/RouterListener.php line 83 [] []
[2012-03-31 21:26:15] request.ERROR: Symfony\Component\HttpKernel\Exception\NotFoundHttpException: No route found for "GET /bundles/brdrgzdoctorpatientdiagnosis/images/field-background.gif" (uncaught exception) at /Users/blake/Sites/dpd-rdbms/app/cache/prod/classes.php line 4564 [] []
[2012-03-31 21:26:19] request.ERROR: Symfony\Component\HttpKernel\Exception\NotFoundHttpException: No route found for "GET /bundles/brdrgzdoctorpatientdiagnosis/images/field-background.gif" (uncaught exception) at /Users/blake/Sites/dpd-rdbms/app/cache/prod/classes.php line 4564 [] []
[2012-03-31 21:26:23] request.ERROR: Symfony\Component\HttpKernel\Exception\NotFoundHttpException: No route found for "GET /bundles/brdrgzdoctorpatientdiagnosis/images/field-background.gif" (uncaught exception) at /Users/blake/Sites/dpd-rdbms/app/cache/prod/classes.php line 4564 [] []
[2012-03-31 21:27:03] request.ERROR: Symfony\Component\HttpKernel\Exception\NotFoundHttpException: No route found for "GET /bundles/brdrgzdoctorpatientdiagnosis/images/field-background.gif" (uncaught exception) at /Users/blake/Sites/dpd-rdbms/app/cache/prod/classes.php line 4564 [] []
